[gradcam] labeler = v2   out = E:\AURA\aura-main\aura\artifacts\explain_demo
[gradcam] thresholds: {'opacity': 0.274, 'consolidation': 0.199, 'pleural_effusion': 0.285, 'cardiomegaly': 0.22, 'nodule': 0.149, 'pneumothorax': 0.169, 'hyperinflation': 0.135}
[gradcam] loading per-study val labels (v2)...
[gradcam] val images: 2099  positives/finding: {'opacity': 594, 'consolidation': 118, 'pleural_effusion': 524, 'cardiomegaly': 415, 'nodule': 98, 'pneumothorax': 65, 'hyperinflation': 120}
[gradcam] scoring val set (calibrated)...
  scored 250/2099  (34 img/s)
  scored 500/2099  (36 img/s)
  scored 750/2099  (33 img/s)
  scored 1000/2099  (29 img/s)
  scored 1250/2099  (28 img/s)
  scored 1500/2099  (27 img/s)
  scored 1750/2099  (26 img/s)
  scored 2000/2099  (26 img/s)
[gradcam] pointing game over true positives...
  [opacity] n_tp=250 PG=0.904 conc=1.384 zone_mass=0.8892 zone_conc=1.1417
  [consolidation] n_tp=38 PG=0.9211 conc=1.4441 zone_mass=0.9096 zone_conc=1.168
  [pleural_effusion] n_tp=250 PG=0.072 conc=1.0254 zone_mass=0.5476 zone_conc=1.2084
  [cardiomegaly] n_tp=250 PG=0.808 conc=2.3163 zone_mass=0.4738 zone_conc=2.0869
  [nodule] n_tp=22 PG=0.9545 conc=1.5556 zone_mass=0.9284 zone_conc=1.1921
  [pneumothorax] n_tp=13 PG=1.0 conc=1.4092 zone_mass=0.8419 zone_conc=1.236
  [hyperinflation] n_tp=88 PG=0.9886 conc=1.2759 zone_mass=0.9413 zone_conc=1.1079
[gradcam] rendering TP/FP/FN demo overlays...
  demo pleural_effusion TP  p=0.96 crosses=True  peak_in_region=False  -> pleural_effusion_TP.png
  demo pleural_effusion FP  p=0.89 crosses=True  peak_in_region=False  -> pleural_effusion_FP.png
  demo pleural_effusion FN  p=0.00 crosses=False  peak_in_region=False  -> pleural_effusion_FN.png
  demo cardiomegaly     TP  p=0.91 crosses=True  peak_in_region=True  -> cardiomegaly_TP.png
  demo cardiomegaly     FP  p=0.87 crosses=True  peak_in_region=True  -> cardiomegaly_FP.png
  demo cardiomegaly     FN  p=0.00 crosses=False  peak_in_region=True  -> cardiomegaly_FN.png
  demo pneumothorax     TP  p=0.40 crosses=True  peak_in_region=True  -> pneumothorax_TP.png
  demo pneumothorax     FP  p=0.49 crosses=True  peak_in_region=True  -> pneumothorax_FP.png
  demo pneumothorax     FN  p=0.01 crosses=False  peak_in_region=True  -> pneumothorax_FN.png
[gradcam] DONE. summary -> E:\AURA\aura-main\aura\artifacts\explain_demo\gradcam_validation.json
[gradcam]        report  -> E:\AURA\aura-main\aura\artifacts\explain_demo\gradcam_validation.html
